Loading intel-20.4/compilers
  Loading requirement: intel-license gcc/8.2.0 intel-20.4/cc intel-20.4/fc
Schedule method is STATIC | Threads num is 8
Sum of xx is 8806547.757320      time for loop 1 = 3.280910      zz is 6100.290115      time for loop 2 = 9.949437
-----------------------------------------
Schedule method is AUTO | Threads num is 8
Sum of xx is 8806547.757320      time for loop 1 = 1.723033      zz is 6100.290115      time for loop 2 = 8.815985
-----------------------------------------
Schedule method is STATIC,1 | Threads num is 8
Sum of xx is 8806547.757320      time for loop 1 = 1.773706      zz is 6100.290115      time for loop 2 = 3.642688
-----------------------------------------
Schedule method is STATIC,2 | Threads num is 8
Sum of xx is 8806547.757320      time for loop 1 = 1.788527      zz is 6100.290115      time for loop 2 = 2.741133
-----------------------------------------
Schedule method is STATIC,4 | Threads num is 8
Sum of xx is 8806547.757320      time for loop 1 = 1.788207      zz is 6100.290115      time for loop 2 = 2.426470
-----------------------------------------
Schedule method is STATIC,8 | Threads num is 8
Sum of xx is 8806547.757320      time for loop 1 = 1.803946      zz is 6100.290115      time for loop 2 = 2.656342
-----------------------------------------
Schedule method is STATIC,16 | Threads num is 8
Sum of xx is 8806547.757320      time for loop 1 = 1.823679      zz is 6100.290115      time for loop 2 = 2.649127
-----------------------------------------
Schedule method is STATIC,32 | Threads num is 8
Sum of xx is 8806547.757320      time for loop 1 = 1.883598      zz is 6100.290115      time for loop 2 = 4.270780
-----------------------------------------
Schedule method is STATIC,64 | Threads num is 8
Sum of xx is 8806547.757320      time for loop 1 = 2.060089      zz is 6100.290115      time for loop 2 = 7.835140
-----------------------------------------
Schedule method is DYNAMIC,1 | Threads num is 8
Sum of xx is 8806547.757320      time for loop 1 = 1.747834      zz is 6100.290115      time for loop 2 = 1.884694
-----------------------------------------
Schedule method is DYNAMIC,2 | Threads num is 8
Sum of xx is 8806547.757320      time for loop 1 = 1.745916      zz is 6100.290115      time for loop 2 = 1.879106
-----------------------------------------
Schedule method is DYNAMIC,4 | Threads num is 8
Sum of xx is 8806547.757320      time for loop 1 = 1.749481      zz is 6100.290115      time for loop 2 = 1.873444
-----------------------------------------
Schedule method is DYNAMIC,8 | Threads num is 8
Sum of xx is 8806547.757320      time for loop 1 = 1.755883      zz is 6100.290115      time for loop 2 = 1.872160
-----------------------------------------
Schedule method is DYNAMIC,16 | Threads num is 8
Sum of xx is 8806547.757320      time for loop 1 = 1.796176      zz is 6100.290115      time for loop 2 = 1.875190
-----------------------------------------
Schedule method is DYNAMIC,32 | Threads num is 8
Sum of xx is 8806547.757320      time for loop 1 = 1.864847      zz is 6100.290115      time for loop 2 = 3.693888
-----------------------------------------
Schedule method is DYNAMIC,64 | Threads num is 8
Sum of xx is 8806547.757320      time for loop 1 = 2.026020      zz is 6100.290115      time for loop 2 = 7.002509
-----------------------------------------
Schedule method is GUIDED,1 | Threads num is 8
Sum of xx is 8806547.757320      time for loop 1 = 1.716592      zz is 6100.290115      time for loop 2 = 9.182241
-----------------------------------------
Schedule method is GUIDED,2 | Threads num is 8
Sum of xx is 8806547.757320      time for loop 1 = 1.715332      zz is 6100.290115      time for loop 2 = 9.640109
-----------------------------------------
Schedule method is GUIDED,4 | Threads num is 8
Sum of xx is 8806547.757320      time for loop 1 = 1.711172      zz is 6100.290115      time for loop 2 = 9.665388
-----------------------------------------
Schedule method is GUIDED,8 | Threads num is 8
Sum of xx is 8806547.757320      time for loop 1 = 1.744342      zz is 6100.290115      time for loop 2 = 9.144217
-----------------------------------------
Schedule method is GUIDED,16 | Threads num is 8
Sum of xx is 8806547.757320      time for loop 1 = 1.764832      zz is 6100.290115      time for loop 2 = 9.188852
-----------------------------------------
Schedule method is GUIDED,32 | Threads num is 8
Sum of xx is 8806547.757320      time for loop 1 = 1.894504      zz is 6100.290115      time for loop 2 = 9.400537
-----------------------------------------
Schedule method is GUIDED,64 | Threads num is 8
Sum of xx is 8806547.757320      time for loop 1 = 1.978457      zz is 6100.290115      time for loop 2 = 9.592292
-----------------------------------------
